<?xml version="1.0" encoding="UTF-8"?>
<!-- Generated by org.testng.reporters.JUnitReportReporter -->
<testsuite hostname="Yunus-MacBook-Air.local" failures="0" tests="1" name="com.qaautomation.tests.TextBoxTest" time="11.424" errors="0" timestamp="2025-05-27T22:52:53 EET" skipped="0">
  <testcase classname="com.qaautomation.tests.TextBoxTest" name="fillTextBoxForm" time="11.424"/>
</testsuite> <!-- com.qaautomation.tests.TextBoxTest -->
